<?xml version="1.0" encoding="UTF-8"?>
<testng-results ignored="1" total="5" passed="4" failed="0" skipped="0">
  <reporter-output>
  </reporter-output>
  <suite started-at="2023-02-17T19:26:45 IST" name="Default suite" finished-at="2023-02-17T19:29:56 IST" duration-ms="190548">
    <groups>
    </groups>
    <test started-at="2023-02-17T19:26:45 IST" name="Default test" finished-at="2023-02-17T19:29:56 IST" duration-ms="190548">
      <class name="com.telus.registerdemo.UserRegistrationDemo">
        <test-method signature="launchApplication()[pri:1, instance:com.telus.registerdemo.UserRegistrationDemo@17497425]" started-at="2023-02-17T19:26:45 IST" name="launchApplication" finished-at="2023-02-17T19:29:40 IST" duration-ms="174992" status="PASS">
          <reporter-output>
          </reporter-output>
        </test-method> <!-- launchApplication -->
        <test-method signature="registrationFormNavigation()[pri:2, instance:com.telus.registerdemo.UserRegistrationDemo@17497425]" started-at="2023-02-17T19:29:40 IST" name="registrationFormNavigation" finished-at="2023-02-17T19:29:47 IST" duration-ms="6448" status="PASS">
          <reporter-output>
          </reporter-output>
        </test-method> <!-- registrationFormNavigation -->
        <test-method signature="userRegistration()[pri:3, instance:com.telus.registerdemo.UserRegistrationDemo@17497425]" started-at="2023-02-17T19:29:47 IST" name="userRegistration" finished-at="2023-02-17T19:29:56 IST" duration-ms="8732" status="PASS">
          <reporter-output>
          </reporter-output>
        </test-method> <!-- userRegistration -->
        <test-method signature="closeApplication()[pri:5, instance:com.telus.registerdemo.UserRegistrationDemo@17497425]" started-at="2023-02-17T19:29:56 IST" name="closeApplication" finished-at="2023-02-17T19:29:56 IST" duration-ms="235" status="PASS">
          <reporter-output>
          </reporter-output>
        </test-method> <!-- closeApplication -->
      </class> <!-- com.telus.registerdemo.UserRegistrationDemo -->
    </test> <!-- Default test -->
  </suite> <!-- Default suite -->
</testng-results>
