<?xml version="1.0" encoding="UTF-8"?>
<testng-results ignored="0" total="5" passed="5" failed="0" skipped="0">
  <reporter-output>
  </reporter-output>
  <suite started-at="2022-09-05T13:24:24 IST" name="Default suite" finished-at="2022-09-05T13:24:39 IST" duration-ms="14753">
    <groups>
    </groups>
    <test started-at="2022-09-05T13:24:24 IST" name="Default test" finished-at="2022-09-05T13:24:39 IST" duration-ms="14753">
      <class name="com.telus.registerdemo.UserRegistrationDemo">
        <test-method signature="launchApplication()[pri:1, instance:com.telus.registerdemo.UserRegistrationDemo@17497425]" started-at="2022-09-05T13:24:24 IST" name="launchApplication" finished-at="2022-09-05T13:24:31 IST" duration-ms="6488" status="PASS">
          <reporter-output>
          </reporter-output>
        </test-method> <!-- launchApplication -->
        <test-method signature="registrationFormNavigation()[pri:2, instance:com.telus.registerdemo.UserRegistrationDemo@17497425]" started-at="2022-09-05T13:24:31 IST" name="registrationFormNavigation" finished-at="2022-09-05T13:24:32 IST" duration-ms="1596" status="PASS">
          <reporter-output>
          </reporter-output>
        </test-method> <!-- registrationFormNavigation -->
        <test-method signature="userRegistration()[pri:3, instance:com.telus.registerdemo.UserRegistrationDemo@17497425]" started-at="2022-09-05T13:24:32 IST" name="userRegistration" finished-at="2022-09-05T13:24:37 IST" duration-ms="4160" status="PASS">
          <reporter-output>
          </reporter-output>
        </test-method> <!-- userRegistration -->
        <test-method signature="confirmationMessageValidation()[pri:4, instance:com.telus.registerdemo.UserRegistrationDemo@17497425]" started-at="2022-09-05T13:24:37 IST" name="confirmationMessageValidation" finished-at="2022-09-05T13:24:37 IST" duration-ms="39" status="PASS">
          <reporter-output>
          </reporter-output>
        </test-method> <!-- confirmationMessageValidation -->
        <test-method signature="closeApplication()[pri:5, instance:com.telus.registerdemo.UserRegistrationDemo@17497425]" started-at="2022-09-05T13:24:37 IST" name="closeApplication" finished-at="2022-09-05T13:24:39 IST" duration-ms="2390" status="PASS">
          <reporter-output>
          </reporter-output>
        </test-method> <!-- closeApplication -->
      </class> <!-- com.telus.registerdemo.UserRegistrationDemo -->
    </test> <!-- Default test -->
  </suite> <!-- Default suite -->
</testng-results>
