<?xml version="1.0" encoding="UTF-8"?>
<!-- Generated by org.testng.reporters.JUnitXMLReporter -->
<testsuite ignored="0" hostname="LAPTOP-40C8QB9U" failures="0" tests="5" name="User Registration Test" time="15.189" errors="0" timestamp="2022-08-26T20:42:59 IST">
  <testcase classname="com.telus.registerdemo.UserRegistrationDemo" name="launchApplication" time="8.555"/>
  <testcase classname="com.telus.registerdemo.UserRegistrationDemo" name="registrationFormNavigation" time="1.761"/>
  <testcase classname="com.telus.registerdemo.UserRegistrationDemo" name="userRegistration" time="4.624"/>
  <testcase classname="com.telus.registerdemo.UserRegistrationDemo" name="confirmationMessageValidation" time="0.042"/>
  <testcase classname="com.telus.registerdemo.UserRegistrationDemo" name="closeApplication" time="0.13"/>
</testsuite> <!-- User Registration Test -->
