<?xml version="1.0" encoding="UTF-8"?>
<!-- Generated by org.testng.reporters.JUnitXMLReporter -->
<testsuite ignored="0" hostname="LAPTOP-40C8QB9U" failures="0" tests="5" name="User Registration Test" time="15.282" errors="0" timestamp="2022-12-20T19:44:31 IST">
  <testcase classname="com.telus.registerdemo.UserRegistrationDemo" name="launchApplication" time="6.43"/>
  <testcase classname="com.telus.registerdemo.UserRegistrationDemo" name="registrationFormNavigation" time="1.199"/>
  <testcase classname="com.telus.registerdemo.UserRegistrationDemo" name="userRegistration" time="7.277"/>
  <testcase classname="com.telus.registerdemo.UserRegistrationDemo" name="confirmationMessageValidation" time="0.05"/>
  <testcase classname="com.telus.registerdemo.UserRegistrationDemo" name="closeApplication" time="0.183"/>
</testsuite> <!-- User Registration Test -->
