<?xml version="1.0" encoding="UTF-8"?>
<!-- Generated by org.testng.reporters.JUnitXMLReporter -->
<testsuite ignored="0" hostname="LAPTOP-40C8QB9U" failures="0" tests="5" name="Default test" time="14.753" errors="0" timestamp="2022-09-05T13:24:39 IST">
  <testcase classname="com.telus.registerdemo.UserRegistrationDemo" name="launchApplication" time="6.488"/>
  <testcase classname="com.telus.registerdemo.UserRegistrationDemo" name="registrationFormNavigation" time="1.596"/>
  <testcase classname="com.telus.registerdemo.UserRegistrationDemo" name="userRegistration" time="4.16"/>
  <testcase classname="com.telus.registerdemo.UserRegistrationDemo" name="confirmationMessageValidation" time="0.039"/>
  <testcase classname="com.telus.registerdemo.UserRegistrationDemo" name="closeApplication" time="2.39"/>
</testsuite> <!-- Default test -->
