<?xml version="1.0" encoding="UTF-8"?>
<!-- Generated by org.testng.reporters.JUnitXMLReporter -->
<testsuite ignored="0" hostname="LAPTOP-40C8QB9U" failures="0" tests="5" name="Default test" time="22.709" errors="0" timestamp="2022-12-20T21:21:54 IST">
  <testcase classname="com.telus.registerdemo.UserRegistrationDemo" name="launchApplication" time="12.817"/>
  <testcase classname="com.telus.registerdemo.UserRegistrationDemo" name="registrationFormNavigation" time="2.898"/>
  <testcase classname="com.telus.registerdemo.UserRegistrationDemo" name="userRegistration" time="6.615"/>
  <testcase classname="com.telus.registerdemo.UserRegistrationDemo" name="confirmationMessageValidation" time="0.054"/>
  <testcase classname="com.telus.registerdemo.UserRegistrationDemo" name="closeApplication" time="0.203"/>
</testsuite> <!-- Default test -->
